Using pre-set license
Built from '2020.3/staging' branch; Version is '2020.3.26f1 (7298b473bc1a) revision 7510196'; Using compiler version '192528614'; Build Type 'Release'
OS: 'Windows 10  (10.0.19043) 64bit Professional' Language: 'ko' Physical Memory: 32694 MB
BatchMode: 1, IsHumanControllingUs: 0, StartBugReporterOnCrash: 0, Is64bit: 1, IsPro: 0

COMMAND LINE ARGUMENTS:
C:\Program Files\Unity\Hub\Editor\2020.3.26f1\Editor\Unity.exe
-adb2
-batchMode
-noUpm
-name
AssetImportWorker0
-projectPath
C:/Users/mo700/FlappyClone
-logFile
Logs/AssetImportWorker0.log
-srvPort
1035
Successfully changed project path to: C:/Users/mo700/FlappyClone
C:/Users/mo700/FlappyClone
Using Asset Import Pipeline V2.
Refreshing native plugins compatible for Editor in 46.35 ms, found 3 plugins.
Preloading 0 native plugins for Editor in 0.00 ms.
Initialize engine version: 2020.3.26f1 (7298b473bc1a)
[Subsystems] Discovering subsystems at path C:/Program Files/Unity/Hub/Editor/2020.3.26f1/Editor/Data/Resources/UnitySubsystems
[Subsystems] Discovering subsystems at path C:/Users/mo700/FlappyClone/Assets
GfxDevice: creating device client; threaded=0
Direct3D:
    Version:  Direct3D 11.0 [level 11.1]
    Renderer: NVIDIA GeForce RTX 3080 (ID=0x2216)
    Vendor:   
    VRAM:     10077 MB
    Driver:   30.0.15.1123
Initialize mono
Mono path[0] = 'C:/Program Files/Unity/Hub/Editor/2020.3.26f1/Editor/Data/Managed'
Mono path[1] = 'C:/Program Files/Unity/Hub/Editor/2020.3.26f1/Editor/Data/MonoBleedingEdge/lib/mono/unityjit'
Mono config path = 'C:/Program Files/Unity/Hub/Editor/2020.3.26f1/Editor/Data/MonoBleedingEdge/etc'
Using monoOptions --debugger-agent=transport=dt_socket,embedding=1,server=y,suspend=n,address=127.0.0.1:56084
Begin MonoManager ReloadAssembly
Registering precompiled unity dll's ...
Register platform support module: C:/Program Files/Unity/Hub/Editor/2020.3.26f1/Editor/Data/PlaybackEngines/WindowsStandaloneSupport/UnityEditor.WindowsStandalone.Extensions.dll
Registered in 0.007992 seconds.
Native extension for WindowsStandalone target not found
Refreshing native plugins compatible for Editor in 33.92 ms, found 3 plugins.
Preloading 0 native plugins for Editor in 0.00 ms.
Mono: successfully reloaded assembly
- Completed reload, in  0.567 seconds
Domain Reload Profiling:
	ReloadAssembly (567ms)
		BeginReloadAssembly (118ms)
			ExecutionOrderSort (0ms)
			DisableScriptedObjects (0ms)
			BackupInstance (0ms)
			ReleaseScriptingObjects (0ms)
			CreateAndSetChildDomain (1ms)
		EndReloadAssembly (351ms)
			LoadAssemblies (108ms)
			RebuildTransferFunctionScriptingTraits (0ms)
			SetupTypeCache (99ms)
			ReleaseScriptCaches (0ms)
			RebuildScriptCaches (17ms)
			SetupLoadedEditorAssemblies (123ms)
				LogAssemblyErrors (0ms)
				InitializePlatformSupportModulesInManaged (4ms)
				SetLoadedEditorAssemblies (0ms)
				RefreshPlugins (34ms)
				BeforeProcessingInitializeOnLoad (9ms)
				ProcessInitializeOnLoadAttributes (57ms)
				ProcessInitializeOnLoadMethodAttributes (19ms)
				AfterProcessingInitializeOnLoad (0ms)
				EditorAssembliesLoaded (0ms)
			ExecutionOrderSort2 (0ms)
			AwakeInstancesAfterBackupRestoration (0ms)
Platform modules already initialized, skipping
Registering precompiled user dll's ...
Registered in 0.020006 seconds.
Begin MonoManager ReloadAssembly
Native extension for WindowsStandalone target not found
Refreshing native plugins compatible for Editor in 32.95 ms, found 3 plugins.
Preloading 0 native plugins for Editor in 0.00 ms.
Mono: successfully reloaded assembly
- Completed reload, in  1.061 seconds
Domain Reload Profiling:
	ReloadAssembly (1062ms)
		BeginReloadAssembly (172ms)
			ExecutionOrderSort (0ms)
			DisableScriptedObjects (3ms)
			BackupInstance (0ms)
			ReleaseScriptingObjects (0ms)
			CreateAndSetChildDomain (13ms)
		EndReloadAssembly (800ms)
			LoadAssemblies (170ms)
			RebuildTransferFunctionScriptingTraits (0ms)
			SetupTypeCache (210ms)
			ReleaseScriptCaches (0ms)
			RebuildScriptCaches (29ms)
			SetupLoadedEditorAssemblies (342ms)
				LogAssemblyErrors (0ms)
				InitializePlatformSupportModulesInManaged (3ms)
				SetLoadedEditorAssemblies (0ms)
				RefreshPlugins (33ms)
				BeforeProcessingInitializeOnLoad (120ms)
				ProcessInitializeOnLoadAttributes (138ms)
				ProcessInitializeOnLoadMethodAttributes (14ms)
				AfterProcessingInitializeOnLoad (33ms)
				EditorAssembliesLoaded (0ms)
			ExecutionOrderSort2 (0ms)
			AwakeInstancesAfterBackupRestoration (5ms)
Platform modules already initialized, skipping
========================================================================
Worker process is ready to serve import requests
Launched and connected shader compiler UnityShaderCompiler.exe after 0.05 seconds
Refreshing native plugins compatible for Editor in 0.44 ms, found 3 plugins.
Preloading 0 native plugins for Editor in 0.00 ms.
Unloading 2206 Unused Serialized files (Serialized files now loaded: 0)
System memory in use before: 96.0 MB.
System memory in use after: 96.1 MB.

Unloading 28 unused Assets to reduce memory usage. Loaded Objects now: 2639.
Total: 2.314100 ms (FindLiveObjects: 0.143000 ms CreateObjectMapping: 0.043600 ms MarkObjects: 2.084200 ms  DeleteObjects: 0.042600 ms)

AssetImportParameters requested are different than current active one (requested -> active):
  custom:framework-win-MediaFoundation: 216162199b28c13a410421893ffa2e32 -> 
  custom:video-decoder-ogg-theora: a1e56fd34408186e4bbccfd4996cb3dc -> 
  custom:container-muxer-webm: aa71ff27fc2769a1b78a27578f13a17b -> 
  custom:container-demuxer-webm: 4f35f7cbe854078d1ac9338744f61a02 -> 
  custom:container-demuxer-ogg: 62fdf1f143b41e24485cea50d1cbac27 -> 
  custom:video-encoder-webm-vp8: eb34c28f22e8b96e1ab97ce403110664 -> 
  custom:video-decoder-webm-vp8: 9c59270c3fd7afecdb556c50c9e8de78 -> 
  custom:audio-decoder-ogg-vorbis: bf7c407c2cedff20999df2af8eb42d56 -> 
  custom:audio-encoder-webm-vorbis: bf7c407c2cedff20999df2af8eb42d56 -> 
========================================================================
Received Import Request.
  path: Assets/Plugins
  artifactKey: Guid(d4c286c3ece64ad47a4486e813928e2d) Importer(815301076,1909f56bfc062723c751e8b465ee728b)
Start importing Assets/Plugins using Guid(d4c286c3ece64ad47a4486e813928e2d) Importer(815301076,1909f56bfc062723c751e8b465ee728b)  -> (artifact id: 'db2ac81cb8fad32dd646a0e5bd9280eb') in 0.010136 seconds 
  Import took 0.012242 seconds .

========================================================================
Received Import Request.
  Time since last request: 0.000155 seconds.
  path: Assets/Plugins/Android
  artifactKey: Guid(e615b6ba7e73a3f429d0d8969a9d4ec5) Importer(815301076,1909f56bfc062723c751e8b465ee728b)
Start importing Assets/Plugins/Android using Guid(e615b6ba7e73a3f429d0d8969a9d4ec5) Importer(815301076,1909f56bfc062723c751e8b465ee728b)  -> (artifact id: '15e22be9308c942e648a64b4c101f084') in 0.005586 seconds 
  Import took 0.007726 seconds .

========================================================================
Received Import Request.
  Time since last request: 150.869996 seconds.
  path: Assets/MakePipe.cs
  artifactKey: Guid(eb8d609a7dcecbf4f9d3b814d668de6c) Importer(815301076,1909f56bfc062723c751e8b465ee728b)
Start importing Assets/MakePipe.cs using Guid(eb8d609a7dcecbf4f9d3b814d668de6c) Importer(815301076,1909f56bfc062723c751e8b465ee728b)  -> (artifact id: 'cd0c1798f2ef4d35dcc3b9f18c6e30bf') in 0.043922 seconds 
  Import took 0.046509 seconds .

========================================================================
Received Import Request.
  Time since last request: 12.330882 seconds.
  path: Assets/BestScore.cs
  artifactKey: Guid(aeb39c303628aa54fb29a2d8cd176d35) Importer(815301076,1909f56bfc062723c751e8b465ee728b)
Start importing Assets/BestScore.cs using Guid(aeb39c303628aa54fb29a2d8cd176d35) Importer(815301076,1909f56bfc062723c751e8b465ee728b)  -> (artifact id: '7293949baa3e53e9b3ddf77339d428e4') in 0.004782 seconds 
  Import took 0.007148 seconds .

========================================================================
Received Import Request.
  Time since last request: 8.376895 seconds.
  path: Assets/BirdJump.cs
  artifactKey: Guid(01635c7cdcd5bcf4697f1601068046b2) Importer(815301076,1909f56bfc062723c751e8b465ee728b)
Start importing Assets/BirdJump.cs using Guid(01635c7cdcd5bcf4697f1601068046b2) Importer(815301076,1909f56bfc062723c751e8b465ee728b)  -> (artifact id: 'c90a545b8c03ad4e0bcc4ffb0571a435') in 0.004682 seconds 
  Import took 0.007227 seconds .

========================================================================
Received Import Request.
  Time since last request: 3.754514 seconds.
  path: Assets/CurrentScore.cs
  artifactKey: Guid(6649ef57ad79c02478186c6eb40b8954) Importer(815301076,1909f56bfc062723c751e8b465ee728b)
Start importing Assets/CurrentScore.cs using Guid(6649ef57ad79c02478186c6eb40b8954) Importer(815301076,1909f56bfc062723c751e8b465ee728b)  -> (artifact id: '324f929d1bc94f8e20b001d3fff250c9') in 0.004916 seconds 
  Import took 0.007236 seconds .

========================================================================
Received Import Request.
  Time since last request: 3.616271 seconds.
  path: Assets/Replay.cs
  artifactKey: Guid(a7f1f0fbbdfb2414bb07336ef77b152c) Importer(815301076,1909f56bfc062723c751e8b465ee728b)
Start importing Assets/Replay.cs using Guid(a7f1f0fbbdfb2414bb07336ef77b152c) Importer(815301076,1909f56bfc062723c751e8b465ee728b)  -> (artifact id: '60336e535b64d338b66acb19064cfa4d') in 0.005162 seconds 
  Import took 0.007510 seconds .

========================================================================
Received Import Request.
  Time since last request: 3.368874 seconds.
  path: Assets/Score.cs
  artifactKey: Guid(682ac778a35a85e47966a4abbcc4d416) Importer(815301076,1909f56bfc062723c751e8b465ee728b)
Start importing Assets/Score.cs using Guid(682ac778a35a85e47966a4abbcc4d416) Importer(815301076,1909f56bfc062723c751e8b465ee728b)  -> (artifact id: '72571efbd0d5c0e53c75e1f42d0315ec') in 0.004705 seconds 
  Import took 0.007088 seconds .

========================================================================
Received Import Request.
  Time since last request: 4.369773 seconds.
  path: Assets/ScoreUp.cs
  artifactKey: Guid(99c4283718a9db2438fe9e9e58b2653a) Importer(815301076,1909f56bfc062723c751e8b465ee728b)
Start importing Assets/ScoreUp.cs using Guid(99c4283718a9db2438fe9e9e58b2653a) Importer(815301076,1909f56bfc062723c751e8b465ee728b)  -> (artifact id: '1872ff53a8fd05cf32d12073b1de884a') in 0.005207 seconds 
  Import took 0.007990 seconds .

========================================================================
Received Prepare
Refreshing native plugins compatible for Editor in 14.83 ms, found 3 plugins.
Preloading 0 native plugins for Editor in 0.00 ms.
Unloading 15 Unused Serialized files (Serialized files now loaded: 0)
System memory in use before: 52.2 MB.
System memory in use after: 52.3 MB.

Unloading 15 unused Assets to reduce memory usage. Loaded Objects now: 2639.
Total: 2.517500 ms (FindLiveObjects: 0.210300 ms CreateObjectMapping: 0.061400 ms MarkObjects: 2.233700 ms  DeleteObjects: 0.011500 ms)

AssetImportParameters requested are different than current active one (requested -> active):
  custom:framework-win-MediaFoundation: 216162199b28c13a410421893ffa2e32 -> 
  custom:video-decoder-ogg-theora: a1e56fd34408186e4bbccfd4996cb3dc -> 
  custom:container-muxer-webm: aa71ff27fc2769a1b78a27578f13a17b -> 
  custom:container-demuxer-webm: 4f35f7cbe854078d1ac9338744f61a02 -> 
  custom:container-demuxer-ogg: 62fdf1f143b41e24485cea50d1cbac27 -> 
  custom:video-encoder-webm-vp8: eb34c28f22e8b96e1ab97ce403110664 -> 
  custom:video-decoder-webm-vp8: 9c59270c3fd7afecdb556c50c9e8de78 -> 
  custom:audio-decoder-ogg-vorbis: bf7c407c2cedff20999df2af8eb42d56 -> 
  custom:audio-encoder-webm-vorbis: bf7c407c2cedff20999df2af8eb42d56 -> 
========================================================================
Received Prepare
Refreshing native plugins compatible for Editor in 13.68 ms, found 3 plugins.
Preloading 0 native plugins for Editor in 0.00 ms.
Unloading 15 Unused Serialized files (Serialized files now loaded: 0)
System memory in use before: 52.2 MB.
System memory in use after: 52.3 MB.

Unloading 15 unused Assets to reduce memory usage. Loaded Objects now: 2639.
Total: 2.281600 ms (FindLiveObjects: 0.136000 ms CreateObjectMapping: 0.040900 ms MarkObjects: 2.093600 ms  DeleteObjects: 0.010500 ms)

AssetImportParameters requested are different than current active one (requested -> active):
  custom:framework-win-MediaFoundation: 216162199b28c13a410421893ffa2e32 -> 
  custom:video-decoder-ogg-theora: a1e56fd34408186e4bbccfd4996cb3dc -> 
  custom:container-muxer-webm: aa71ff27fc2769a1b78a27578f13a17b -> 
  custom:container-demuxer-webm: 4f35f7cbe854078d1ac9338744f61a02 -> 
  custom:container-demuxer-ogg: 62fdf1f143b41e24485cea50d1cbac27 -> 
  custom:video-encoder-webm-vp8: eb34c28f22e8b96e1ab97ce403110664 -> 
  custom:video-decoder-webm-vp8: 9c59270c3fd7afecdb556c50c9e8de78 -> 
  custom:audio-decoder-ogg-vorbis: bf7c407c2cedff20999df2af8eb42d56 -> 
  custom:audio-encoder-webm-vorbis: bf7c407c2cedff20999df2af8eb42d56 -> 
========================================================================
Received Prepare
Refreshing native plugins compatible for Editor in 14.46 ms, found 3 plugins.
Preloading 0 native plugins for Editor in 0.00 ms.
Unloading 15 Unused Serialized files (Serialized files now loaded: 0)
System memory in use before: 52.2 MB.
System memory in use after: 52.3 MB.

Unloading 15 unused Assets to reduce memory usage. Loaded Objects now: 2639.
Total: 2.017300 ms (FindLiveObjects: 0.121800 ms CreateObjectMapping: 0.040000 ms MarkObjects: 1.847600 ms  DeleteObjects: 0.007400 ms)

AssetImportParameters requested are different than current active one (requested -> active):
  custom:framework-win-MediaFoundation: 216162199b28c13a410421893ffa2e32 -> 
  custom:video-decoder-ogg-theora: a1e56fd34408186e4bbccfd4996cb3dc -> 
  custom:container-muxer-webm: aa71ff27fc2769a1b78a27578f13a17b -> 
  custom:container-demuxer-webm: 4f35f7cbe854078d1ac9338744f61a02 -> 
  custom:container-demuxer-ogg: 62fdf1f143b41e24485cea50d1cbac27 -> 
  custom:video-encoder-webm-vp8: eb34c28f22e8b96e1ab97ce403110664 -> 
  custom:video-decoder-webm-vp8: 9c59270c3fd7afecdb556c50c9e8de78 -> 
  custom:audio-decoder-ogg-vorbis: bf7c407c2cedff20999df2af8eb42d56 -> 
  custom:audio-encoder-webm-vorbis: bf7c407c2cedff20999df2af8eb42d56 -> 
========================================================================
Received Import Request.
  Time since last request: 1239.188959 seconds.
  path: Assets/Plugins/Android/LauncherManifest.xml
  artifactKey: Guid(cdb5b21a73f225142a07a3b88627aa91) Importer(815301076,1909f56bfc062723c751e8b465ee728b)
Start importing Assets/Plugins/Android/LauncherManifest.xml using Guid(cdb5b21a73f225142a07a3b88627aa91) Importer(815301076,1909f56bfc062723c751e8b465ee728b)  -> (artifact id: 'ccd770c65388977b03b359a4037ca9cb') in 0.037787 seconds 
  Import took 0.040443 seconds .

========================================================================
Received Prepare
Refreshing native plugins compatible for Editor in 10.59 ms, found 3 plugins.
Preloading 0 native plugins for Editor in 0.00 ms.
Unloading 15 Unused Serialized files (Serialized files now loaded: 0)
System memory in use before: 52.2 MB.
System memory in use after: 52.3 MB.

Unloading 15 unused Assets to reduce memory usage. Loaded Objects now: 2639.
Total: 2.348500 ms (FindLiveObjects: 0.129000 ms CreateObjectMapping: 0.041300 ms MarkObjects: 2.167100 ms  DeleteObjects: 0.010600 ms)

AssetImportParameters requested are different than current active one (requested -> active):
  custom:framework-win-MediaFoundation: 216162199b28c13a410421893ffa2e32 -> 
  custom:video-decoder-ogg-theora: a1e56fd34408186e4bbccfd4996cb3dc -> 
  custom:container-muxer-webm: aa71ff27fc2769a1b78a27578f13a17b -> 
  custom:container-demuxer-webm: 4f35f7cbe854078d1ac9338744f61a02 -> 
  custom:container-demuxer-ogg: 62fdf1f143b41e24485cea50d1cbac27 -> 
  custom:video-encoder-webm-vp8: eb34c28f22e8b96e1ab97ce403110664 -> 
  custom:video-decoder-webm-vp8: 9c59270c3fd7afecdb556c50c9e8de78 -> 
  custom:audio-decoder-ogg-vorbis: bf7c407c2cedff20999df2af8eb42d56 -> 
  custom:audio-encoder-webm-vorbis: bf7c407c2cedff20999df2af8eb42d56 -> 
AssetImportWorkerClient::OnTransportError - code=2 error=End of file
